c:\users\tbg\source\repos\spo_lab3\win_labn1\x64\debug\vc143.pdb
c:\users\tbg\source\repos\spo_lab3\win_labn1\x64\debug\vc143.idb
c:\users\tbg\source\repos\spo_lab3\win_labn1\x64\debug\variable.obj
c:\users\tbg\source\repos\spo_lab3\win_labn1\x64\debug\valuetype.obj
c:\users\tbg\source\repos\spo_lab3\win_labn1\x64\debug\symboltable.obj
c:\users\tbg\source\repos\spo_lab3\win_labn1\x64\debug\stringpool.obj
c:\users\tbg\source\repos\spo_lab3\win_labn1\x64\debug\sourcefile.obj
c:\users\tbg\source\repos\spo_lab3\win_labn1\x64\debug\programunit.obj
c:\users\tbg\source\repos\spo_lab3\win_labn1\x64\debug\myparser.obj
c:\users\tbg\source\repos\spo_lab3\win_labn1\x64\debug\module.obj
c:\users\tbg\source\repos\spo_lab3\win_labn1\x64\debug\main.obj
c:\users\tbg\source\repos\spo_lab3\win_labn1\x64\debug\instruction.obj
c:\users\tbg\source\repos\spo_lab3\win_labn1\x64\debug\flowgraphbuilder.obj
c:\users\tbg\source\repos\spo_lab3\win_labn1\x64\debug\errorcollector.obj
c:\users\tbg\source\repos\spo_lab3\win_labn1\x64\debug\custom_langparser.obj
c:\users\tbg\source\repos\spo_lab3\win_labn1\x64\debug\custom_langlexer.obj
c:\users\tbg\source\repos\spo_lab3\win_labn1\x64\debug\controlflowcompiler.obj
c:\users\tbg\source\repos\spo_lab3\win_labn1\x64\debug\codegenerator.obj
c:\users\tbg\source\repos\spo_lab3\win_labn1\x64\debug\cfg.obj
c:\users\tbg\source\repos\spo_lab3\win_labn1\x64\debug\callgraph.obj
c:\users\tbg\source\repos\spo_lab3\win_labn1\x64\debug\ast.obj
c:\users\tbg\source\repos\spo_lab3\win_labn1\x64\debug\array.obj
c:\users\tbg\source\repos\spo_lab3\x64\debug\win_labn3.exe
c:\users\tbg\source\repos\spo_lab3\x64\debug\win_labn3.pdb
c:\users\tbg\source\repos\spo_lab3\x64\debug\win_labn3.lib
c:\users\tbg\source\repos\spo_lab3\x64\debug\win_labn3.exp
c:\users\tbg\source\repos\spo_lab3\win_labn1\x64\debug\win_labn3.tlog\cl.command.1.tlog
c:\users\tbg\source\repos\spo_lab3\win_labn1\x64\debug\win_labn3.tlog\cl.items.tlog
c:\users\tbg\source\repos\spo_lab3\win_labn1\x64\debug\win_labn3.tlog\cl.read.1.tlog
c:\users\tbg\source\repos\spo_lab3\win_labn1\x64\debug\win_labn3.tlog\cl.write.1.tlog
c:\users\tbg\source\repos\spo_lab3\win_labn1\x64\debug\win_labn3.tlog\link.command.1.tlog
c:\users\tbg\source\repos\spo_lab3\win_labn1\x64\debug\win_labn3.tlog\link.read.1.tlog
c:\users\tbg\source\repos\spo_lab3\win_labn1\x64\debug\win_labn3.tlog\link.secondary.1.tlog
c:\users\tbg\source\repos\spo_lab3\win_labn1\x64\debug\win_labn3.tlog\link.write.1.tlog
