  FlowGraphBuilder.c
C:\Users\TBG\source\repos\SPO_LAB3\Nix_LabN1\src\cfg.h(26,2): warning C4091: typedef : пропускается слева от "OpType", когда ни одна переменная не объявлена
  (компиляция исходного файла "../Nix_LabN1/src/FlowGraphBuilder.c")
  
C:\Users\TBG\source\repos\SPO_LAB3\Nix_LabN1\src\ProgramUnit.h(12,2): warning C4091: typedef : пропускается слева от "Type", когда ни одна переменная не объявлена
  (компиляция исходного файла "../Nix_LabN1/src/FlowGraphBuilder.c")
  
C:\Users\TBG\source\repos\SPO_LAB3\Nix_LabN1\src\ProgramUnit.h(17,2): warning C4091: typedef : пропускается слева от "CustomType", когда ни одна переменная не объявлена
  (компиляция исходного файла "../Nix_LabN1/src/FlowGraphBuilder.c")
  
C:\Users\TBG\source\repos\SPO_LAB3\Nix_LabN1\src\ProgramUnit.h(27,2): warning C4091: typedef : пропускается слева от "ArrayType", когда ни одна переменная не объявлена
  (компиляция исходного файла "../Nix_LabN1/src/FlowGraphBuilder.c")
  
C:\Users\TBG\source\repos\SPO_LAB3\Nix_LabN1\libantlr3c-3.4\include\antlr3convertutf.h(121,9): warning C4005: false: изменение макроопределения
  (компиляция исходного файла "../Nix_LabN1/src/FlowGraphBuilder.c")
      C:\Program Files\Microsoft Visual Studio\2022\Community\VC\Tools\MSVC\14.42.34433\include\stdbool.h(16,9):
      см. предыдущее определение "false"
  
C:\Users\TBG\source\repos\SPO_LAB3\Nix_LabN1\libantlr3c-3.4\include\antlr3convertutf.h(122,9): warning C4005: true: изменение макроопределения
  (компиляция исходного файла "../Nix_LabN1/src/FlowGraphBuilder.c")
      C:\Program Files\Microsoft Visual Studio\2022\Community\VC\Tools\MSVC\14.42.34433\include\stdbool.h(17,9):
      см. предыдущее определение "true"
  
C:\Users\TBG\source\repos\SPO_LAB3\Nix_LabN1\src\FlowGraphBuilder.c(23,4): warning C4033: "analysis" должен возвращать значение
C:\Users\TBG\source\repos\SPO_LAB3\Nix_LabN1\src\FlowGraphBuilder.c(28,15): warning C4456: объявление "i" скрывает предыдущее локальное объявление
      C:\Users\TBG\source\repos\SPO_LAB3\Nix_LabN1\src\FlowGraphBuilder.c(4,14):
       см. объявление "i"
  
C:\Users\TBG\source\repos\SPO_LAB3\Nix_LabN1\src\FlowGraphBuilder.c(36,9): warning C4267: функция: преобразование из "size_t" в "int"; возможна потеря данных
C:\Users\TBG\source\repos\SPO_LAB3\Nix_LabN1\src\FlowGraphBuilder.c(249,22): warning C4130: ==: логическая операция с адресом строковой константы
C:\Users\TBG\source\repos\SPO_LAB3\Nix_LabN1\src\FlowGraphBuilder.c(281,22): warning C4130: ==: логическая операция с адресом строковой константы
C:\Users\TBG\source\repos\SPO_LAB3\Nix_LabN1\src\FlowGraphBuilder.c(4,1): warning C4702: недостижимый код
C:\Users\TBG\source\repos\SPO_LAB3\Nix_LabN1\src\FlowGraphBuilder.c(56,1): warning C4715: analysis: значение возвращается не при всех путях выполнения
C:\Users\TBG\source\repos\SPO_LAB3\Nix_LabN1\src\FlowGraphBuilder.c(162,1): warning C4715: handleStatement: значение возвращается не при всех путях выполнения
C:\Users\TBG\source\repos\SPO_LAB3\Nix_LabN1\src\FlowGraphBuilder.c(360,1): warning C4702: недостижимый код
  antlr3c.lib(antlr3lexer.obj) : найден .netmodule MSIL или модуль, откомпилированный с параметром /GL; перезапускается компоновка с параметром /LTCG; добавьте /LTCG в командную строку компоновки для повышения производительности компоновщика
LINK : warning LNK4075: не учитывается "/INCREMENTAL" из-за спецификации "/LTCG"
     Создается библиотека C:\Users\TBG\source\repos\SPO_LAB3\x64\Debug\Win_LabN3.lib и объект C:\Users\TBG\source\repos\SPO_LAB3\x64\Debug\Win_LabN3.exp
LINK : warning LNK4098: библиотека по умолчанию "LIBCMTD" конфликтует с использованием других библиотек; используйте /NODEFAULTLIB:library
LINK : warning LNK4098: библиотека по умолчанию "MSVCRT" конфликтует с использованием других библиотек; используйте /NODEFAULTLIB:library
  Создание кода
  Создание кода завершено
  Win_LabN1.vcxproj -> C:\Users\TBG\source\repos\SPO_LAB3\x64\Debug\Win_LabN3.exe
