c:\users\дмитрий\source\repos\nix_labn1\win_labn1\debug\vc143.pdb
c:\users\дмитрий\source\repos\nix_labn1\win_labn1\debug\vc143.idb
c:\users\дмитрий\source\repos\nix_labn1\win_labn1\debug\myparser.obj
c:\users\дмитрий\source\repos\nix_labn1\win_labn1\debug\main.obj
c:\users\дмитрий\source\repos\nix_labn1\win_labn1\debug\custom_langparser.obj
c:\users\дмитрий\source\repos\nix_labn1\win_labn1\debug\custom_langlexer.obj
c:\users\дмитрий\source\repos\nix_labn1\win_labn1\debug\antlr3parser.obj
c:\users\дмитрий\source\repos\nix_labn1\win_labn1\debug\antlr3lexer.obj
c:\users\дмитрий\source\repos\nix_labn1\win_labn1\debug\antlr3tokenstream.obj
c:\users\дмитрий\source\repos\nix_labn1\win_labn1\debug\antlr3string.obj
c:\users\дмитрий\source\repos\nix_labn1\win_labn1\debug\antlr3rewritestreams.obj
c:\users\дмитрий\source\repos\nix_labn1\win_labn1\debug\antlr3intstream.obj
c:\users\дмитрий\source\repos\nix_labn1\win_labn1\debug\antlr3inputstream.obj
c:\users\дмитрий\source\repos\nix_labn1\win_labn1\debug\antlr3filestream.obj
c:\users\дмитрий\source\repos\nix_labn1\win_labn1\debug\antlr3exception.obj
c:\users\дмитрий\source\repos\nix_labn1\win_labn1\debug\antlr3encodings.obj
c:\users\дмитрий\source\repos\nix_labn1\win_labn1\debug\antlr3debughandlers.obj
c:\users\дмитрий\source\repos\nix_labn1\win_labn1\debug\antlr3cyclicdfa.obj
c:\users\дмитрий\source\repos\nix_labn1\win_labn1\debug\antlr3convertutf.obj
c:\users\дмитрий\source\repos\nix_labn1\win_labn1\debug\antlr3commontreenodestream.obj
c:\users\дмитрий\source\repos\nix_labn1\win_labn1\debug\antlr3commontreeadaptor.obj
c:\users\дмитрий\source\repos\nix_labn1\win_labn1\debug\antlr3commontree.obj
c:\users\дмитрий\source\repos\nix_labn1\win_labn1\debug\antlr3commontoken.obj
c:\users\дмитрий\source\repos\nix_labn1\win_labn1\debug\antlr3collections.obj
c:\users\дмитрий\source\repos\nix_labn1\win_labn1\debug\antlr3bitset.obj
c:\users\дмитрий\source\repos\nix_labn1\win_labn1\debug\antlr3basetreeadaptor.obj
c:\users\дмитрий\source\repos\nix_labn1\win_labn1\debug\antlr3basetree.obj
c:\users\дмитрий\source\repos\nix_labn1\win_labn1\debug\antlr3baserecognizer.obj
c:\users\дмитрий\source\repos\nix_labn1\win_labn1\debug\antlr3treeparser.obj
c:\users\дмитрий\source\repos\nix_labn1\debug\win_labn1.pdb
c:\users\дмитрий\source\repos\nix_labn1\win_labn1\debug\win_labn1.tlog\cl.command.1.tlog
c:\users\дмитрий\source\repos\nix_labn1\win_labn1\debug\win_labn1.tlog\cl.read.1.tlog
c:\users\дмитрий\source\repos\nix_labn1\win_labn1\debug\win_labn1.tlog\cl.write.1.tlog
c:\users\дмитрий\source\repos\nix_labn1\win_labn1\debug\win_labn1.tlog\link-cvtres.read.1.tlog
c:\users\дмитрий\source\repos\nix_labn1\win_labn1\debug\win_labn1.tlog\link-cvtres.write.1.tlog
c:\users\дмитрий\source\repos\nix_labn1\win_labn1\debug\win_labn1.tlog\link-rc.read.1.tlog
c:\users\дмитрий\source\repos\nix_labn1\win_labn1\debug\win_labn1.tlog\link-rc.write.1.tlog
c:\users\дмитрий\source\repos\nix_labn1\win_labn1\debug\win_labn1.tlog\link.command.1.tlog
c:\users\дмитрий\source\repos\nix_labn1\win_labn1\debug\win_labn1.tlog\link.delete.1.tlog
c:\users\дмитрий\source\repos\nix_labn1\win_labn1\debug\win_labn1.tlog\link.read.1.tlog
c:\users\дмитрий\source\repos\nix_labn1\win_labn1\debug\win_labn1.tlog\link.write.1.tlog
