Сборка начата 05.11.2024 17:56:41.
Уровень детализации журнала: Normal.     1>Проект "C:\Nix_LabN1\Nix_LabN1\Nix_LabN1.vcxproj" в узле 2 (целевые объекты Build).
     1>_ValidateSources:
         Проверка исходных файлов
       _CopySources:
         Удаленное копирование исходных файлов в "127.0.0.1"
         Файл "C:\Nix_LabN1\Nix_LabN1\src\Array.c" был пропущен, так как он находится в актуальном состоянии.
         Копирование файла "C:\Nix_LabN1\Nix_LabN1\src\ast.c" в "/home/user/projects/Nix_LabN1/src/ast.c"
         Файл "C:\Nix_LabN1\Nix_LabN1\src\custom_langLexer.c" был пропущен, так как он находится в актуальном состоянии.
         Файл "C:\Nix_LabN1\Nix_LabN1\src\custom_langParser.c" был пропущен, так как он находится в актуальном состоянии.
         Файл "C:\Nix_LabN1\Nix_LabN1\src\main.c" был пропущен, так как он находится в актуальном состоянии.
         Файл "C:\Nix_LabN1\Nix_LabN1\src\myParser.c" был пропущен, так как он находится в актуальном состоянии.
         Файл "C:\Nix_LabN1\Nix_LabN1\src\Array.h" был пропущен, так как он находится в актуальном состоянии.
         Файл "C:\Nix_LabN1\Nix_LabN1\src\ast.h" был пропущен, так как он находится в актуальном состоянии.
         Файл "C:\Nix_LabN1\Nix_LabN1\src\custom_langLexer.h" был пропущен, так как он находится в актуальном состоянии.
         Файл "C:\Nix_LabN1\Nix_LabN1\src\custom_langParser.h" был пропущен, так как он находится в актуальном состоянии.
         Файл "C:\Nix_LabN1\Nix_LabN1\src\myParser.h" был пропущен, так как он находится в актуальном состоянии.
         Файл "C:\Nix_LabN1\Nix_LabN1\makefile" был пропущен, так как он находится в актуальном состоянии.
         Файл "C:\Nix_LabN1\Nix_LabN1\output.dgml" был пропущен, так как он находится в актуальном состоянии.
         Файл "C:\Nix_LabN1\Nix_LabN1\packages.config" был пропущен, так как он находится в актуальном состоянии.
         Файл "C:\Nix_LabN1\Nix_LabN1\src\custom_lang.tokens" был пропущен, так как он находится в актуальном состоянии.
         Файл "C:\Nix_LabN1\Nix_LabN1\input.txt" был пропущен, так как он находится в актуальном состоянии.
         Файл "C:\Nix_LabN1\Nix_LabN1\.libs\libantlr3c.a" был пропущен, так как он находится в актуальном состоянии.
       _Build_Common:
         Команда сборки не настроена, действие пропущено.
         Вызов "make all", рабочий каталог: "/home/user/projects/Nix_LabN1/"
         gcc -g -O0 -o ./app src/*.c -I/usr/include/antlr3/runtime/C/include -I/usr/include/antlr3/runtime/C -I/usr/include/libxml2 -Dsize_t=size_t -L/home/user/projects/Nix_LabN1/.libs -lantlr3c -lxml2
         
         src/Array.c: In function ‘removeAt’:
         src/Array.c:34:9: warning: ‘return’ with no value, in function returning non-void
            34 |         return;
               |         ^~~~~~
         src/Array.c:15:7: note: declared here
            15 | void* removeAt(Array* arr, size_t index) {
               |       ^~~~~~~~
         src/Array.c: In function ‘popFirst’:
         src/Array.c:54:9: warning: ‘return’ with no value, in function returning non-void
            54 |         return;
               |         ^~~~~~
         src/Array.c:36:7: note: declared here
            36 | void* popFirst(Array* arr) {
               |       ^~~~~~~~
         
         src/ast.c: In function ‘createNode’:
         src/ast.c:28:24: warning: assignment discards ‘const’ qualifier from pointer target type [-Wdiscarded-qualifiers]
            28 |         newNode->token = token;
               |                        ^
         
         In file included from /usr/include/antlr3/runtime/C/include/antlr3defs.h:250,
                          from /usr/include/antlr3/runtime/C/include/antlr3.h:33,
                          from src/custom_langLexer.h:303,
                          from src/custom_langLexer.c:46:
         /usr/include/antlr3/runtime/C/antlr3config.h:8: warning: "ANTLR3_USE_64BIT" redefined
             8 | #define ANTLR3_USE_64BIT 1
               | 
         /usr/include/antlr3/runtime/C/include/antlr3defs.h:116: note: this is the location of the previous definition
           116 | # define ANTLR3_USE_64BIT
               | 
         
         src/custom_langLexer.h:642: warning: "ADD" redefined
           642 | #define ADD      4
               | 
         In file included from /usr/include/arpa/nameser.h:455,
                          from /usr/include/antlr3/runtime/C/include/antlr3defs.h:315:
         /usr/include/arpa/nameser_compat.h:121: note: this is the location of the previous definition
           121 | #define ADD             ns_uop_add
               | 
         src/custom_langLexer.c:220: warning: "CUSTOM" redefined
           220 | #define         CUSTOM                                  LEXSTATE->custom
               | 
         src/custom_langLexer.h:658: note: this is the location of the previous definition
           658 | #define CUSTOM      20
               | 
         src/custom_langLexer.c: In function ‘mCUSTOM’:
         src/custom_langLexer.c:2104:21: warning: assignment to ‘ANTLR3_UINT32’ {aka ‘unsigned int’} from ‘void *’ makes integer from pointer without a cast [-Wint-conversion]
          2104 |     _type           = CUSTOM;
               |                     ^
         
         In file included from /usr/include/antlr3/runtime/C/include/antlr3defs.h:250,
                          from /usr/include/antlr3/runtime/C/include/antlr3.h:33,
                          from src/custom_langParser.h:184,
                          from src/custom_langParser.c:46:
         /usr/include/antlr3/runtime/C/antlr3config.h:8: warning: "ANTLR3_USE_64BIT" redefined
             8 | #define ANTLR3_USE_64BIT 1
               | 
         /usr/include/antlr3/runtime/C/include/antlr3defs.h:116: note: this is the location of the previous definition
           116 | # define ANTLR3_USE_64BIT
               | 
         
         src/custom_langParser.h:894: warning: "ADD" redefined
           894 | #define ADD      4
               | 
         In file included from /usr/include/arpa/nameser.h:455,
                          from /usr/include/antlr3/runtime/C/include/antlr3defs.h:315:
         /usr/include/arpa/nameser_compat.h:121: note: this is the location of the previous definition
           121 | #define ADD             ns_uop_add
               | 
         
         src/custom_langParser.c: In function ‘synpred24_custom_lang_fragment’:
         src/custom_langParser.c:16898:9: warning: useless type name in empty declaration
         16898 |         void ;
               |         ^~~~
         
         In file included from /usr/include/antlr3/runtime/C/include/antlr3defs.h:250,
                          from /usr/include/antlr3/runtime/C/include/antlr3.h:33,
                          from src/myParser.h:6,
                          from src/main.c:2:
         /usr/include/antlr3/runtime/C/antlr3config.h:8: warning: "ANTLR3_USE_64BIT" redefined
             8 | #define ANTLR3_USE_64BIT 1
               | 
         /usr/include/antlr3/runtime/C/include/antlr3defs.h:116: note: this is the location of the previous definition
           116 | # define ANTLR3_USE_64BIT
               | 
         
         In file included from src/myParser.h:9:
         src/custom_langParser.h:894: warning: "ADD" redefined
           894 | #define ADD      4
               | 
         In file included from /usr/include/arpa/nameser.h:455,
                          from /usr/include/antlr3/runtime/C/include/antlr3defs.h:315:
         /usr/include/arpa/nameser_compat.h:121: note: this is the location of the previous definition
           121 | #define ADD             ns_uop_add
               | 
         
         In file included from /usr/include/antlr3/runtime/C/include/antlr3defs.h:250,
                          from /usr/include/antlr3/runtime/C/include/antlr3.h:33,
                          from src/myParser.h:6,
                          from src/myParser.c:1:
         /usr/include/antlr3/runtime/C/antlr3config.h:8: warning: "ANTLR3_USE_64BIT" redefined
             8 | #define ANTLR3_USE_64BIT 1
               | 
         /usr/include/antlr3/runtime/C/include/antlr3defs.h:116: note: this is the location of the previous definition
           116 | # define ANTLR3_USE_64BIT
               | 
         
         In file included from src/myParser.h:9:
         src/custom_langParser.h:894: warning: "ADD" redefined
           894 | #define ADD      4
               | 
         In file included from /usr/include/arpa/nameser.h:455,
                          from /usr/include/antlr3/runtime/C/include/antlr3defs.h:315:
         /usr/include/arpa/nameser_compat.h:121: note: this is the location of the previous definition
           121 | #define ADD             ns_uop_add
               | 
         
         src/myParser.c: In function ‘handleParserError’:
         src/myParser.c:15:26: warning: passing argument 2 of ‘snprintf’ makes integer from pointer without a cast [-Wint-conversion]
            15 |         snprintf(buffer, "Erron on line %d, position %d: %s\n",
               |                          ^~~~~~~~~~~~~~~~~~~~~~~~~~~~~~~~~~~~~
               |                          |
               |                          char *
         In file included from /usr/include/antlr3/runtime/C/include/antlr3defs.h:252:
         /usr/include/stdio.h:378:51: note: expected ‘size_t’ {aka ‘long unsigned int’} but argument is of type ‘char *’
           378 | extern int snprintf (char *__restrict __s, size_t __maxlen,
         src/myParser.c:16:22: warning: passing argument 3 of ‘snprintf’ makes pointer from integer without a cast [-Wint-conversion]
            16 |             exception->line,
               |             ~~~~~~~~~^~~~~~
               |                      |
               |                      ANTLR3_UINT32 {aka unsigned int}
         /usr/include/stdio.h:379:45: note: expected ‘const char * restrict’ but argument is of type ‘ANTLR3_UINT32’ {aka ‘unsigned int’}
           379 |                      const char *__restrict __format, ...)
               |                      ~~~~~~~~~~~~~~~~~~~~~~~^~~~~~~~
         
     1>Сборка проекта "C:\Nix_LabN1\Nix_LabN1\Nix_LabN1.vcxproj" завершена (целевые объекты Build).

Сборка успешно завершена.
    Предупреждений: 0
    Ошибок: 0

Прошло времени 00:00:19.34
