c:\nix_labn2\nix_labn1\libantlr3c-3.4\x64\debug\c.bsc
c:\nix_labn2\nix_labn1\libantlr3c-3.4\x64\debug\c.pdb
c:\nix_labn2\nix_labn1\libantlr3c-3.4\x64\debug\antlr3baserecognizer.sbr
c:\nix_labn2\nix_labn1\libantlr3c-3.4\x64\debug\antlr3basetree.sbr
c:\nix_labn2\nix_labn1\libantlr3c-3.4\x64\debug\antlr3basetreeadaptor.sbr
c:\nix_labn2\nix_labn1\libantlr3c-3.4\x64\debug\antlr3bitset.sbr
c:\nix_labn2\nix_labn1\libantlr3c-3.4\x64\debug\antlr3collections.sbr
c:\nix_labn2\nix_labn1\libantlr3c-3.4\x64\debug\antlr3commontoken.sbr
c:\nix_labn2\nix_labn1\libantlr3c-3.4\x64\debug\antlr3commontree.sbr
c:\nix_labn2\nix_labn1\libantlr3c-3.4\x64\debug\antlr3commontreeadaptor.sbr
c:\nix_labn2\nix_labn1\libantlr3c-3.4\x64\debug\antlr3commontreenodestream.sbr
c:\nix_labn2\nix_labn1\libantlr3c-3.4\x64\debug\antlr3convertutf.sbr
c:\nix_labn2\nix_labn1\libantlr3c-3.4\x64\debug\antlr3cyclicdfa.sbr
c:\nix_labn2\nix_labn1\libantlr3c-3.4\x64\debug\antlr3debughandlers.sbr
c:\nix_labn2\nix_labn1\libantlr3c-3.4\x64\debug\antlr3encodings.sbr
c:\nix_labn2\nix_labn1\libantlr3c-3.4\x64\debug\antlr3exception.sbr
c:\nix_labn2\nix_labn1\libantlr3c-3.4\x64\debug\antlr3filestream.sbr
c:\nix_labn2\nix_labn1\libantlr3c-3.4\x64\debug\antlr3inputstream.sbr
c:\nix_labn2\nix_labn1\libantlr3c-3.4\x64\debug\antlr3intstream.sbr
c:\nix_labn2\nix_labn1\libantlr3c-3.4\x64\debug\antlr3lexer.sbr
c:\nix_labn2\nix_labn1\libantlr3c-3.4\x64\debug\antlr3parser.sbr
c:\nix_labn2\nix_labn1\libantlr3c-3.4\x64\debug\antlr3rewritestreams.sbr
c:\nix_labn2\nix_labn1\libantlr3c-3.4\x64\debug\antlr3baserecognizer.nativecodeanalysis.sarif
c:\nix_labn2\nix_labn1\libantlr3c-3.4\x64\debug\antlr3baserecognizer.nativecodeanalysis.xml
c:\nix_labn2\nix_labn1\libantlr3c-3.4\x64\debug\antlr3basetree.nativecodeanalysis.sarif
c:\nix_labn2\nix_labn1\libantlr3c-3.4\x64\debug\antlr3basetree.nativecodeanalysis.xml
c:\nix_labn2\nix_labn1\libantlr3c-3.4\x64\debug\antlr3basetreeadaptor.nativecodeanalysis.sarif
c:\nix_labn2\nix_labn1\libantlr3c-3.4\x64\debug\antlr3basetreeadaptor.nativecodeanalysis.xml
c:\nix_labn2\nix_labn1\libantlr3c-3.4\x64\debug\antlr3bitset.nativecodeanalysis.sarif
c:\nix_labn2\nix_labn1\libantlr3c-3.4\x64\debug\antlr3bitset.nativecodeanalysis.xml
c:\nix_labn2\nix_labn1\libantlr3c-3.4\x64\debug\antlr3collections.nativecodeanalysis.sarif
c:\nix_labn2\nix_labn1\libantlr3c-3.4\x64\debug\antlr3collections.nativecodeanalysis.xml
c:\nix_labn2\nix_labn1\libantlr3c-3.4\x64\debug\antlr3commontoken.nativecodeanalysis.sarif
c:\nix_labn2\nix_labn1\libantlr3c-3.4\x64\debug\antlr3commontoken.nativecodeanalysis.xml
c:\nix_labn2\nix_labn1\libantlr3c-3.4\x64\debug\antlr3commontree.nativecodeanalysis.sarif
c:\nix_labn2\nix_labn1\libantlr3c-3.4\x64\debug\antlr3commontree.nativecodeanalysis.xml
c:\nix_labn2\nix_labn1\libantlr3c-3.4\x64\debug\antlr3commontreeadaptor.nativecodeanalysis.sarif
c:\nix_labn2\nix_labn1\libantlr3c-3.4\x64\debug\antlr3commontreeadaptor.nativecodeanalysis.xml
c:\nix_labn2\nix_labn1\libantlr3c-3.4\x64\debug\antlr3commontreenodestream.nativecodeanalysis.sarif
c:\nix_labn2\nix_labn1\libantlr3c-3.4\x64\debug\antlr3commontreenodestream.nativecodeanalysis.xml
c:\nix_labn2\nix_labn1\libantlr3c-3.4\x64\debug\antlr3convertutf.nativecodeanalysis.sarif
c:\nix_labn2\nix_labn1\libantlr3c-3.4\x64\debug\antlr3convertutf.nativecodeanalysis.xml
c:\nix_labn2\nix_labn1\libantlr3c-3.4\x64\debug\antlr3cyclicdfa.nativecodeanalysis.sarif
c:\nix_labn2\nix_labn1\libantlr3c-3.4\x64\debug\antlr3cyclicdfa.nativecodeanalysis.xml
c:\nix_labn2\nix_labn1\libantlr3c-3.4\x64\debug\antlr3debughandlers.nativecodeanalysis.sarif
c:\nix_labn2\nix_labn1\libantlr3c-3.4\x64\debug\antlr3debughandlers.nativecodeanalysis.xml
c:\nix_labn2\nix_labn1\libantlr3c-3.4\x64\debug\antlr3encodings.nativecodeanalysis.sarif
c:\nix_labn2\nix_labn1\libantlr3c-3.4\x64\debug\antlr3encodings.nativecodeanalysis.xml
c:\nix_labn2\nix_labn1\libantlr3c-3.4\x64\debug\antlr3exception.nativecodeanalysis.sarif
c:\nix_labn2\nix_labn1\libantlr3c-3.4\x64\debug\antlr3exception.nativecodeanalysis.xml
c:\nix_labn2\nix_labn1\libantlr3c-3.4\x64\debug\antlr3filestream.nativecodeanalysis.sarif
c:\nix_labn2\nix_labn1\libantlr3c-3.4\x64\debug\antlr3filestream.nativecodeanalysis.xml
c:\nix_labn2\nix_labn1\libantlr3c-3.4\x64\debug\antlr3inputstream.nativecodeanalysis.sarif
c:\nix_labn2\nix_labn1\libantlr3c-3.4\x64\debug\antlr3inputstream.nativecodeanalysis.xml
c:\nix_labn2\nix_labn1\libantlr3c-3.4\x64\debug\antlr3intstream.nativecodeanalysis.sarif
c:\nix_labn2\nix_labn1\libantlr3c-3.4\x64\debug\antlr3intstream.nativecodeanalysis.xml
c:\nix_labn2\nix_labn1\libantlr3c-3.4\x64\debug\antlr3lexer.nativecodeanalysis.sarif
c:\nix_labn2\nix_labn1\libantlr3c-3.4\x64\debug\antlr3lexer.nativecodeanalysis.xml
c:\nix_labn2\nix_labn1\libantlr3c-3.4\x64\debug\antlr3parser.nativecodeanalysis.sarif
c:\nix_labn2\nix_labn1\libantlr3c-3.4\x64\debug\antlr3parser.nativecodeanalysis.xml
c:\nix_labn2\nix_labn1\libantlr3c-3.4\x64\debug\antlr3rewritestreams.nativecodeanalysis.sarif
c:\nix_labn2\nix_labn1\libantlr3c-3.4\x64\debug\antlr3rewritestreams.nativecodeanalysis.xml
c:\nix_labn2\nix_labn1\libantlr3c-3.4\x64\debug\antlr3rewritestreams.obj
c:\nix_labn2\nix_labn1\libantlr3c-3.4\x64\debug\antlr3rewritestreams.cod
c:\nix_labn2\nix_labn1\libantlr3c-3.4\x64\debug\antlr3parser.obj
c:\nix_labn2\nix_labn1\libantlr3c-3.4\x64\debug\antlr3parser.cod
c:\nix_labn2\nix_labn1\libantlr3c-3.4\x64\debug\antlr3lexer.obj
c:\nix_labn2\nix_labn1\libantlr3c-3.4\x64\debug\antlr3lexer.cod
c:\nix_labn2\nix_labn1\libantlr3c-3.4\x64\debug\antlr3intstream.obj
c:\nix_labn2\nix_labn1\libantlr3c-3.4\x64\debug\antlr3intstream.cod
c:\nix_labn2\nix_labn1\libantlr3c-3.4\x64\debug\antlr3inputstream.obj
c:\nix_labn2\nix_labn1\libantlr3c-3.4\x64\debug\antlr3inputstream.cod
c:\nix_labn2\nix_labn1\libantlr3c-3.4\x64\debug\antlr3filestream.obj
c:\nix_labn2\nix_labn1\libantlr3c-3.4\x64\debug\antlr3filestream.cod
c:\nix_labn2\nix_labn1\libantlr3c-3.4\x64\debug\antlr3exception.obj
c:\nix_labn2\nix_labn1\libantlr3c-3.4\x64\debug\antlr3exception.cod
c:\nix_labn2\nix_labn1\libantlr3c-3.4\x64\debug\antlr3encodings.obj
c:\nix_labn2\nix_labn1\libantlr3c-3.4\x64\debug\antlr3encodings.cod
c:\nix_labn2\nix_labn1\libantlr3c-3.4\x64\debug\antlr3debughandlers.obj
c:\nix_labn2\nix_labn1\libantlr3c-3.4\x64\debug\antlr3debughandlers.cod
c:\nix_labn2\nix_labn1\libantlr3c-3.4\x64\debug\antlr3cyclicdfa.obj
c:\nix_labn2\nix_labn1\libantlr3c-3.4\x64\debug\antlr3cyclicdfa.cod
c:\nix_labn2\nix_labn1\libantlr3c-3.4\x64\debug\antlr3convertutf.obj
c:\nix_labn2\nix_labn1\libantlr3c-3.4\x64\debug\antlr3convertutf.cod
c:\nix_labn2\nix_labn1\libantlr3c-3.4\x64\debug\antlr3commontreenodestream.obj
c:\nix_labn2\nix_labn1\libantlr3c-3.4\x64\debug\antlr3commontreenodestream.cod
c:\nix_labn2\nix_labn1\libantlr3c-3.4\x64\debug\antlr3commontreeadaptor.obj
c:\nix_labn2\nix_labn1\libantlr3c-3.4\x64\debug\antlr3commontreeadaptor.cod
c:\nix_labn2\nix_labn1\libantlr3c-3.4\x64\debug\antlr3commontree.obj
c:\nix_labn2\nix_labn1\libantlr3c-3.4\x64\debug\antlr3commontree.cod
c:\nix_labn2\nix_labn1\libantlr3c-3.4\x64\debug\antlr3commontoken.obj
c:\nix_labn2\nix_labn1\libantlr3c-3.4\x64\debug\antlr3commontoken.cod
c:\nix_labn2\nix_labn1\libantlr3c-3.4\x64\debug\antlr3collections.obj
c:\nix_labn2\nix_labn1\libantlr3c-3.4\x64\debug\antlr3collections.cod
c:\nix_labn2\nix_labn1\libantlr3c-3.4\x64\debug\antlr3bitset.obj
c:\nix_labn2\nix_labn1\libantlr3c-3.4\x64\debug\antlr3bitset.cod
c:\nix_labn2\nix_labn1\libantlr3c-3.4\x64\debug\antlr3basetreeadaptor.obj
c:\nix_labn2\nix_labn1\libantlr3c-3.4\x64\debug\antlr3basetreeadaptor.cod
c:\nix_labn2\nix_labn1\libantlr3c-3.4\x64\debug\antlr3basetree.obj
c:\nix_labn2\nix_labn1\libantlr3c-3.4\x64\debug\antlr3basetree.cod
c:\nix_labn2\nix_labn1\libantlr3c-3.4\x64\debug\antlr3baserecognizer.obj
c:\nix_labn2\nix_labn1\libantlr3c-3.4\x64\debug\antlr3baserecognizer.cod
c:\nix_labn2\nix_labn1\libantlr3c-3.4\x64\debug\antlr3string.sbr
c:\nix_labn2\nix_labn1\libantlr3c-3.4\x64\debug\antlr3tokenstream.sbr
c:\nix_labn2\nix_labn1\libantlr3c-3.4\x64\debug\antlr3treeparser.sbr
c:\nix_labn2\nix_labn1\libantlr3c-3.4\x64\debug\antlr3string.nativecodeanalysis.sarif
c:\nix_labn2\nix_labn1\libantlr3c-3.4\x64\debug\antlr3string.nativecodeanalysis.xml
c:\nix_labn2\nix_labn1\libantlr3c-3.4\x64\debug\antlr3tokenstream.nativecodeanalysis.sarif
c:\nix_labn2\nix_labn1\libantlr3c-3.4\x64\debug\antlr3tokenstream.nativecodeanalysis.xml
c:\nix_labn2\nix_labn1\libantlr3c-3.4\x64\debug\antlr3treeparser.nativecodeanalysis.sarif
c:\nix_labn2\nix_labn1\libantlr3c-3.4\x64\debug\antlr3treeparser.nativecodeanalysis.xml
c:\nix_labn2\nix_labn1\libantlr3c-3.4\x64\debug\antlr3treeparser.obj
c:\nix_labn2\nix_labn1\libantlr3c-3.4\x64\debug\antlr3treeparser.cod
c:\nix_labn2\nix_labn1\libantlr3c-3.4\x64\debug\antlr3tokenstream.obj
c:\nix_labn2\nix_labn1\libantlr3c-3.4\x64\debug\antlr3tokenstream.cod
c:\nix_labn2\nix_labn1\libantlr3c-3.4\x64\debug\antlr3string.obj
c:\nix_labn2\nix_labn1\libantlr3c-3.4\x64\debug\antlr3string.cod
c:\nix_labn2\nix_labn1\libantlr3c-3.4\x64\debug\antlr3cd.lib
c:\nix_labn2\nix_labn1\libantlr3c-3.4\x64\debug\vc.nativecodeanalysis.all.xml
c:\nix_labn2\nix_labn1\libantlr3c-3.4\x64\debug\c.tlog\bscmake.command.1.tlog
c:\nix_labn2\nix_labn1\libantlr3c-3.4\x64\debug\c.tlog\bscmake.read.1.tlog
c:\nix_labn2\nix_labn1\libantlr3c-3.4\x64\debug\c.tlog\bscmake.write.1.tlog
c:\nix_labn2\nix_labn1\libantlr3c-3.4\x64\debug\c.tlog\cl.command.1.tlog
c:\nix_labn2\nix_labn1\libantlr3c-3.4\x64\debug\c.tlog\cl.items.tlog
c:\nix_labn2\nix_labn1\libantlr3c-3.4\x64\debug\c.tlog\cl.read.1.tlog
c:\nix_labn2\nix_labn1\libantlr3c-3.4\x64\debug\c.tlog\cl.write.1.tlog
c:\nix_labn2\nix_labn1\libantlr3c-3.4\x64\debug\c.tlog\lib-link.read.1.tlog
c:\nix_labn2\nix_labn1\libantlr3c-3.4\x64\debug\c.tlog\lib-link.write.1.tlog
c:\nix_labn2\nix_labn1\libantlr3c-3.4\x64\debug\c.tlog\lib.command.1.tlog
