Сборка начата 08.06.2025 20:08:33.
Уровень детализации журнала: Normal.     1>Проект "C:\SPO_LAB3\Nix_LabN1\libantlr3c-3.4\C.vcxproj" в узле 2 (целевые объекты Build).
     1>PrepareForBuild:
         Структурированный вывод включен. Форматирование диагностики компилятора будет отражать иерархию ошибок. Подробнее см. https://aka.ms/cpp/structured-output.
       InitializeBuildStatus:
         Обращение к "x64\Debug\C.tlog\unsuccessfulbuild".
       ClCompile:
         Для всех выходных данных обновления не требуется.
     1>C:\Program Files\Microsoft Visual Studio\2022\Community\MSBuild\Microsoft\VC\v170\Microsoft.CppBuild.targets(1554,5): warning MSB8012: TargetPath(C:\SPO_LAB3\Nix_LabN1\libantlr3c-3.4\x64\Debug\C.lib) не соответствует значению свойства выходного файла (C:\SPO_LAB3\Nix_LabN1\libantlr3c-3.4\x64\Debug\antlr3cd.lib) для Library. Это может привести к неправильной сборке проекта. Чтобы исправить это, убедитесь, что значения свойств $(OutDir), $(TargetName) и $(TargetExt) соответствуют значению, указанному в %(Lib.OutputFile).
     1>C:\Program Files\Microsoft Visual Studio\2022\Community\MSBuild\Microsoft\VC\v170\Microsoft.CppBuild.targets(1556,5): warning MSB8012: TargetName(C) не соответствует значению свойства выходного файла (antlr3cd) для Library. Это может привести к неправильной сборке проекта. Чтобы исправить это, убедитесь, что значения свойств $(OutDir), $(TargetName) и $(TargetExt) соответствуют значению, указанному в %(Lib.OutputFile).
       Lib:
         Для всех выходных данных обновления не требуется.
         C.vcxproj -> C:\SPO_LAB3\Nix_LabN1\libantlr3c-3.4\x64\Debug\C.lib
       BscMake:
         Для всех выходных данных обновления не требуется.
       FinalizeBuildStatus:
         Файл "x64\Debug\C.tlog\unsuccessfulbuild" удаляется.
         Обращение к "x64\Debug\C.tlog\C.lastbuildstate".
     1>Сборка проекта "C:\SPO_LAB3\Nix_LabN1\libantlr3c-3.4\C.vcxproj" завершена (целевые объекты Build).

Сборка успешно завершена.

       "C:\SPO_LAB3\Nix_LabN1\libantlr3c-3.4\C.vcxproj" (целевой объект Build ) (1) ->
       (Целевой объект DoLibOutputFilesMatch) -> 
         C:\Program Files\Microsoft Visual Studio\2022\Community\MSBuild\Microsoft\VC\v170\Microsoft.CppBuild.targets(1554,5): warning MSB8012: TargetPath(C:\SPO_LAB3\Nix_LabN1\libantlr3c-3.4\x64\Debug\C.lib) не соответствует значению свойства выходного файла (C:\SPO_LAB3\Nix_LabN1\libantlr3c-3.4\x64\Debug\antlr3cd.lib) для Library. Это может привести к неправильной сборке проекта. Чтобы исправить это, убедитесь, что значения свойств $(OutDir), $(TargetName) и $(TargetExt) соответствуют значению, указанному в %(Lib.OutputFile).


       "C:\SPO_LAB3\Nix_LabN1\libantlr3c-3.4\C.vcxproj" (целевой объект Build ) (1) ->
         C:\Program Files\Microsoft Visual Studio\2022\Community\MSBuild\Microsoft\VC\v170\Microsoft.CppBuild.targets(1556,5): warning MSB8012: TargetName(C) не соответствует значению свойства выходного файла (antlr3cd) для Library. Это может привести к неправильной сборке проекта. Чтобы исправить это, убедитесь, что значения свойств $(OutDir), $(TargetName) и $(TargetExt) соответствуют значению, указанному в %(Lib.OutputFile).

    Предупреждений: 2
    Ошибок: 0

Прошло времени 00:00:00.11
